[20:28:38.924] Global cache location '/home/zxh/.cache/typescript/4.4', safe file path '/usr/lib/node_modules/typescript/lib/typingSafeList.json', types map path /usr/lib/node_modules/typescript/lib/typesMap.json
[20:28:38.925] Processing cache location '/home/zxh/.cache/typescript/4.4'
[20:28:38.925] Trying to find '/home/zxh/.cache/typescript/4.4/package.json'...
[20:28:38.928] Loaded content of '/home/zxh/.cache/typescript/4.4/package.json': {"private":true,"dependencies":{"types-registry":"^0.1.567"},"devDependencies":{"@types/babel__core":"^7.1.16","@types/babel__preset-env":"^7.9.2","@types/better-scroll":"^1.12.4","@types/clear":"^0.1.2","@types/co":"^4.6.3","@types/copy":"^0.3.2","@types/copy-webpack-plugin":"^8.0.1","@types/core-js":"^2.5.5","@types/eslint-scope":"^3.7.1","@types/express":"^4.17.13","@types/file-loader":"^5.0.1","@types/history":"^4.7.9","@types/html":"^1.0.1","@types/html-webpack-plugin":"^3.2.6","@types/is-function":"^1.0.1","@types/less":"^3.0.3","@types/lodash.assign":"^4.2.6","@types/lodash.defaults":"^4.2.6","@types/lodash.isarguments":"^3.1.6","@types/lodash.isarray":"^4.0.6","@types/lodash.keys":"^4.2.6","@types/mime-types":"^2.1.1","@types/node":"^16.11.6","@types/postcss-preset-env":"^6.7.3","@types/prettier":"^2.4.2","@types/react":"^17.0.34","@types/react-dom":"^17.0.11","@types/react-lazyload":"^3.1.1","@types/react-redux":"^7.1.20","@types/react-router":"^5.1.17","@types/react-router-config":"^5.0.3","@types/react-router-dom":"^5.3.2","@types/react-transition-group":"^4.4.4","@types/read":"^0.0.29","@types/redux-immutable":"^4.0.1","@types/regenerator-runtime":"^0.13.1","@types/request":"^2.48.7","@types/semver":"^7.3.9","@types/styled-components":"^5.1.15","@types/swiper":"^5.4.3","@types/tapable":"^2.2.2","@types/title":"^3.4.1","@types/webpack":"^5.28.0","@types/webpack-dev-middleware":"^5.0.2","@types/webpack-dev-server":"^4.3.1"}}
[20:28:38.928] Loaded content of '/home/zxh/.cache/typescript/4.4/package-lock.json'
[20:28:38.940] Adding entry into typings cache: 'babel__core' => '/home/zxh/.cache/typescript/4.4/node_modules/@types/babel__core/index.d.ts'
[20:28:38.942] Adding entry into typings cache: 'babel__preset-env' => '/home/zxh/.cache/typescript/4.4/node_modules/@types/babel__preset-env/index.d.ts'
[20:28:38.943] Adding entry into typings cache: 'better-scroll' => '/home/zxh/.cache/typescript/4.4/node_modules/@types/better-scroll/index.d.ts'
[20:28:38.945] Adding entry into typings cache: 'clear' => '/home/zxh/.cache/typescript/4.4/node_modules/@types/clear/index.d.ts'
[20:28:38.946] Adding entry into typings cache: 'co' => '/home/zxh/.cache/typescript/4.4/node_modules/@types/co/index.d.ts'
[20:28:38.947] Adding entry into typings cache: 'copy' => '/home/zxh/.cache/typescript/4.4/node_modules/@types/copy/index.d.ts'
[20:28:38.949] Adding entry into typings cache: 'copy-webpack-plugin' => '/home/zxh/.cache/typescript/4.4/node_modules/@types/copy-webpack-plugin/index.d.ts'
[20:28:38.951] Adding entry into typings cache: 'core-js' => '/home/zxh/.cache/typescript/4.4/node_modules/@types/core-js/index.d.ts'
[20:28:38.954] Adding entry into typings cache: 'eslint-scope' => '/home/zxh/.cache/typescript/4.4/node_modules/@types/eslint-scope/index.d.ts'
[20:28:38.957] Adding entry into typings cache: 'express' => '/home/zxh/.cache/typescript/4.4/node_modules/@types/express/index.d.ts'
[20:28:38.958] Adding entry into typings cache: 'file-loader' => '/home/zxh/.cache/typescript/4.4/node_modules/@types/file-loader/index.d.ts'
[20:28:38.960] Adding entry into typings cache: 'history' => '/home/zxh/.cache/typescript/4.4/node_modules/@types/history/index.d.ts'
[20:28:38.961] Adding entry into typings cache: 'html' => '/home/zxh/.cache/typescript/4.4/node_modules/@types/html/index.d.ts'
[20:28:38.963] Adding entry into typings cache: 'html-webpack-plugin' => '/home/zxh/.cache/typescript/4.4/node_modules/@types/html-webpack-plugin/index.d.ts'
[20:28:38.965] Adding entry into typings cache: 'is-function' => '/home/zxh/.cache/typescript/4.4/node_modules/@types/is-function/index.d.ts'
[20:28:38.966] Adding entry into typings cache: 'less' => '/home/zxh/.cache/typescript/4.4/node_modules/@types/less/index.d.ts'
[20:28:38.967] Adding entry into typings cache: 'lodash.assign' => '/home/zxh/.cache/typescript/4.4/node_modules/@types/lodash.assign/index.d.ts'
[20:28:38.969] Adding entry into typings cache: 'lodash.defaults' => '/home/zxh/.cache/typescript/4.4/node_modules/@types/lodash.defaults/index.d.ts'
[20:28:38.970] Adding entry into typings cache: 'lodash.isarguments' => '/home/zxh/.cache/typescript/4.4/node_modules/@types/lodash.isarguments/index.d.ts'
[20:28:38.972] Adding entry into typings cache: 'lodash.isarray' => '/home/zxh/.cache/typescript/4.4/node_modules/@types/lodash.isarray/index.d.ts'
[20:28:38.973] Adding entry into typings cache: 'lodash.keys' => '/home/zxh/.cache/typescript/4.4/node_modules/@types/lodash.keys/index.d.ts'
[20:28:38.977] Adding entry into typings cache: 'mime-types' => '/home/zxh/.cache/typescript/4.4/node_modules/@types/mime-types/index.d.ts'
[20:28:38.981] Adding entry into typings cache: 'node' => '/home/zxh/.cache/typescript/4.4/node_modules/@types/node/index.d.ts'
[20:28:38.982] Adding entry into typings cache: 'postcss-preset-env' => '/home/zxh/.cache/typescript/4.4/node_modules/@types/postcss-preset-env/index.d.ts'
[20:28:38.983] Adding entry into typings cache: 'prettier' => '/home/zxh/.cache/typescript/4.4/node_modules/@types/prettier/index.d.ts'
[20:28:38.985] Adding entry into typings cache: 'react' => '/home/zxh/.cache/typescript/4.4/node_modules/@types/react/index.d.ts'
[20:28:38.987] Adding entry into typings cache: 'react-dom' => '/home/zxh/.cache/typescript/4.4/node_modules/@types/react-dom/index.d.ts'
[20:28:38.988] Adding entry into typings cache: 'react-lazyload' => '/home/zxh/.cache/typescript/4.4/node_modules/@types/react-lazyload/index.d.ts'
[20:28:38.990] Adding entry into typings cache: 'react-redux' => '/home/zxh/.cache/typescript/4.4/node_modules/@types/react-redux/index.d.ts'
[20:28:38.992] Adding entry into typings cache: 'react-router' => '/home/zxh/.cache/typescript/4.4/node_modules/@types/react-router/index.d.ts'
[20:28:38.992] Adding entry into typings cache: 'react-router-config' => '/home/zxh/.cache/typescript/4.4/node_modules/@types/react-router-config/index.d.ts'
[20:28:38.994] Adding entry into typings cache: 'react-router-dom' => '/home/zxh/.cache/typescript/4.4/node_modules/@types/react-router-dom/index.d.ts'
[20:28:38.995] Adding entry into typings cache: 'react-transition-group' => '/home/zxh/.cache/typescript/4.4/node_modules/@types/react-transition-group/index.d.ts'
[20:28:38.996] Adding entry into typings cache: 'read' => '/home/zxh/.cache/typescript/4.4/node_modules/@types/read/index.d.ts'
[20:28:38.997] Adding entry into typings cache: 'redux-immutable' => '/home/zxh/.cache/typescript/4.4/node_modules/@types/redux-immutable/index.d.ts'
[20:28:38.999] Adding entry into typings cache: 'regenerator-runtime' => '/home/zxh/.cache/typescript/4.4/node_modules/@types/regenerator-runtime/index.d.ts'
[20:28:39.001] Adding entry into typings cache: 'request' => '/home/zxh/.cache/typescript/4.4/node_modules/@types/request/index.d.ts'
[20:28:39.002] Adding entry into typings cache: 'semver' => '/home/zxh/.cache/typescript/4.4/node_modules/@types/semver/index.d.ts'
[20:28:39.004] Adding entry into typings cache: 'styled-components' => '/home/zxh/.cache/typescript/4.4/node_modules/@types/styled-components/index.d.ts'
[20:28:39.005] Adding entry into typings cache: 'swiper' => '/home/zxh/.cache/typescript/4.4/node_modules/@types/swiper/index.d.ts'
[20:28:39.007] Adding entry into typings cache: 'tapable' => '/home/zxh/.cache/typescript/4.4/node_modules/tapable/tapable.d.ts'
[20:28:39.007] Adding entry into typings cache: 'title' => '/home/zxh/.cache/typescript/4.4/node_modules/@types/title/index.d.ts'
[20:28:39.016] Adding entry into typings cache: 'webpack' => '/home/zxh/.cache/typescript/4.4/node_modules/webpack/types.d.ts'
[20:28:39.018] Adding entry into typings cache: 'webpack-dev-middleware' => '/home/zxh/.cache/typescript/4.4/node_modules/@types/webpack-dev-middleware/index.d.ts'
[20:28:39.020] Adding entry into typings cache: 'webpack-dev-server' => '/home/zxh/.cache/typescript/4.4/node_modules/@types/webpack-dev-server/index.d.ts'
[20:28:39.020] Finished processing cache location '/home/zxh/.cache/typescript/4.4'
[20:28:39.021] Process id: 435862
[20:28:39.021] NPM location: /usr/bin/npm (explicit '--npmLocation' not  provided)
[20:28:39.021] validateDefaultNpmLocation: false
[20:28:39.021] Npm config file: /home/zxh/.cache/typescript/4.4/package.json
[20:28:39.021] Updating types-registry npm package...
[20:28:39.021] Exec: /usr/bin/npm install --ignore-scripts types-registry@latest
[20:28:39.923]     Succeeded. stdout:
    
    up to date in 757ms

6 packages are looking for funding
  run `npm fund` for details

[20:28:39.923] Updated types-registry npm package
[20:28:41.270] Got install request {"projectName":"/dev/null/inferredProject1*","fileNames":["/usr/lib/node_modules/typescript/lib/lib.es5.d.ts","/usr/lib/node_modules/typescript/lib/lib.es2015.d.ts","/usr/lib/node_modules/typescript/lib/lib.es2016.d.ts","/usr/lib/node_modules/typescript/lib/lib.dom.d.ts","/usr/lib/node_modules/typescript/lib/lib.dom.iterable.d.ts","/usr/lib/node_modules/typescript/lib/lib.webworker.importscripts.d.ts","/usr/lib/node_modules/typescript/lib/lib.scripthost.d.ts","/usr/lib/node_modules/typescript/lib/lib.es2015.core.d.ts","/usr/lib/node_modules/typescript/lib/lib.es2015.collection.d.ts","/usr/lib/node_modules/typescript/lib/lib.es2015.generator.d.ts","/usr/lib/node_modules/typescript/lib/lib.es2015.iterable.d.ts","/usr/lib/node_modules/typescript/lib/lib.es2015.promise.d.ts","/usr/lib/node_modules/typescript/lib/lib.es2015.proxy.d.ts","/usr/lib/node_modules/typescript/lib/lib.es2015.reflect.d.ts","/usr/lib/node_modules/typescript/lib/lib.es2015.symbol.d.ts","/usr/lib/node_modules/typescript/lib/lib.es2015.symbol.wellknown.d.ts","/usr/lib/node_modules/typescript/lib/lib.es2016.array.include.d.ts","/usr/lib/node_modules/typescript/lib/lib.es2016.full.d.ts","/home/zxh/Dropbox/Documents/研究生/算法/data-structures/Tree/tree.js"],"compilerOptions":{"module":1,"target":3,"jsx":1,"allowJs":true,"allowSyntheticDefaultImports":true,"allowNonTsExtensions":true,"noEmitForJsFiles":true,"maxNodeModuleJsDepth":2},"typeAcquisition":{"enable":true,"include":[],"exclude":[]},"unresolvedImports":[],"projectRootPath":"/home/zxh/Dropbox/Documents/研究生/算法/data-structures/Tree","kind":"discover"}
[20:28:41.297] Loaded safelist from types map file '/usr/lib/node_modules/typescript/lib/typesMap.json'
[20:28:41.298] Explicitly included types: []
[20:28:41.299] Inferred typings from unresolved imports: []
[20:28:41.299] Result: {"cachedTypingPaths":[],"newTypingNames":[],"filesToWatch":["/home/zxh/Dropbox/Documents/研究生/算法/data-structures/Tree/bower_components","/home/zxh/Dropbox/Documents/研究生/算法/data-structures/Tree/node_modules"]}
[20:28:41.300] Finished typings discovery: {"cachedTypingPaths":[],"newTypingNames":[],"filesToWatch":["/home/zxh/Dropbox/Documents/研究生/算法/data-structures/Tree/bower_components","/home/zxh/Dropbox/Documents/研究生/算法/data-structures/Tree/node_modules"]}
[20:28:41.300] DirectoryWatcher:: Added:: WatchInfo: /home/zxh/Dropbox/Documents/研究生/算法/data-structures/Tree/bower_components
[20:28:41.301] DirectoryWatcher:: Added:: WatchInfo: /home/zxh/Dropbox/Documents/研究生/算法/data-structures/Tree/bower_components 1 undefined Project: /dev/null/inferredProject1* watcher already invoked: false
[20:28:41.304] Elapsed:: 2.7493820004165173ms DirectoryWatcher:: Added:: WatchInfo: /home/zxh/Dropbox/Documents/研究生/算法/data-structures/Tree/bower_components 1 undefined Project: /dev/null/inferredProject1* watcher already invoked: false
[20:28:41.304] DirectoryWatcher:: Added:: WatchInfo: /home/zxh/Dropbox/Documents/研究生/算法/data-structures/Tree/node_modules
[20:28:41.305] DirectoryWatcher:: Added:: WatchInfo: /home/zxh/Dropbox/Documents/研究生/算法/data-structures/Tree/node_modules 1 undefined Project: /dev/null/inferredProject1* watcher already invoked: false
[20:28:41.305] Elapsed:: 0.24657299742102623ms DirectoryWatcher:: Added:: WatchInfo: /home/zxh/Dropbox/Documents/研究生/算法/data-structures/Tree/node_modules 1 undefined Project: /dev/null/inferredProject1* watcher already invoked: false
[20:28:41.305] Sending response:
    {"projectName":"/dev/null/inferredProject1*","typeAcquisition":{"enable":true,"include":[],"exclude":[]},"compilerOptions":{"module":1,"target":3,"jsx":1,"allowJs":true,"allowSyntheticDefaultImports":true,"allowNonTsExtensions":true,"noEmitForJsFiles":true,"maxNodeModuleJsDepth":2},"typings":[],"unresolvedImports":[],"kind":"action::set"}
[20:28:41.306] Response has been sent.
[20:28:41.306] No new typings were requested as a result of typings discovery
