[21:33:54.684] Global cache location '/home/zxh/.cache/typescript/4.4', safe file path '/usr/lib/node_modules/typescript/lib/typingSafeList.json', types map path /usr/lib/node_modules/typescript/lib/typesMap.json
[21:33:54.684] Processing cache location '/home/zxh/.cache/typescript/4.4'
[21:33:54.684] Trying to find '/home/zxh/.cache/typescript/4.4/package.json'...
[21:33:54.688] Loaded content of '/home/zxh/.cache/typescript/4.4/package.json': {"private":true,"dependencies":{"types-registry":"^0.1.567"},"devDependencies":{"@types/babel__core":"^7.1.16","@types/babel__preset-env":"^7.9.2","@types/better-scroll":"^1.12.4","@types/clear":"^0.1.2","@types/co":"^4.6.3","@types/copy":"^0.3.2","@types/copy-webpack-plugin":"^8.0.1","@types/core-js":"^2.5.5","@types/eslint-scope":"^3.7.1","@types/express":"^4.17.13","@types/file-loader":"^5.0.1","@types/history":"^4.7.9","@types/html":"^1.0.1","@types/html-webpack-plugin":"^3.2.6","@types/is-function":"^1.0.1","@types/less":"^3.0.3","@types/lodash.assign":"^4.2.6","@types/lodash.defaults":"^4.2.6","@types/lodash.isarguments":"^3.1.6","@types/lodash.isarray":"^4.0.6","@types/lodash.keys":"^4.2.6","@types/mime-types":"^2.1.1","@types/node":"^16.11.6","@types/postcss-preset-env":"^6.7.3","@types/prettier":"^2.4.2","@types/react":"^17.0.34","@types/react-dom":"^17.0.11","@types/react-lazyload":"^3.1.1","@types/react-redux":"^7.1.20","@types/react-router":"^5.1.17","@types/react-router-config":"^5.0.3","@types/react-router-dom":"^5.3.2","@types/react-transition-group":"^4.4.4","@types/read":"^0.0.29","@types/redux-immutable":"^4.0.1","@types/regenerator-runtime":"^0.13.1","@types/request":"^2.48.7","@types/semver":"^7.3.9","@types/styled-components":"^5.1.15","@types/swiper":"^5.4.3","@types/tapable":"^2.2.2","@types/title":"^3.4.1","@types/webpack":"^5.28.0","@types/webpack-dev-middleware":"^5.0.2","@types/webpack-dev-server":"^4.3.1"}}
[21:33:54.688] Loaded content of '/home/zxh/.cache/typescript/4.4/package-lock.json'
[21:33:54.704] Adding entry into typings cache: 'babel__core' => '/home/zxh/.cache/typescript/4.4/node_modules/@types/babel__core/index.d.ts'
[21:33:54.706] Adding entry into typings cache: 'babel__preset-env' => '/home/zxh/.cache/typescript/4.4/node_modules/@types/babel__preset-env/index.d.ts'
[21:33:54.708] Adding entry into typings cache: 'better-scroll' => '/home/zxh/.cache/typescript/4.4/node_modules/@types/better-scroll/index.d.ts'
[21:33:54.709] Adding entry into typings cache: 'clear' => '/home/zxh/.cache/typescript/4.4/node_modules/@types/clear/index.d.ts'
[21:33:54.711] Adding entry into typings cache: 'co' => '/home/zxh/.cache/typescript/4.4/node_modules/@types/co/index.d.ts'
[21:33:54.713] Adding entry into typings cache: 'copy' => '/home/zxh/.cache/typescript/4.4/node_modules/@types/copy/index.d.ts'
[21:33:54.715] Adding entry into typings cache: 'copy-webpack-plugin' => '/home/zxh/.cache/typescript/4.4/node_modules/@types/copy-webpack-plugin/index.d.ts'
[21:33:54.717] Adding entry into typings cache: 'core-js' => '/home/zxh/.cache/typescript/4.4/node_modules/@types/core-js/index.d.ts'
[21:33:54.721] Adding entry into typings cache: 'eslint-scope' => '/home/zxh/.cache/typescript/4.4/node_modules/@types/eslint-scope/index.d.ts'
[21:33:54.724] Adding entry into typings cache: 'express' => '/home/zxh/.cache/typescript/4.4/node_modules/@types/express/index.d.ts'
[21:33:54.725] Adding entry into typings cache: 'file-loader' => '/home/zxh/.cache/typescript/4.4/node_modules/@types/file-loader/index.d.ts'
[21:33:54.728] Adding entry into typings cache: 'history' => '/home/zxh/.cache/typescript/4.4/node_modules/@types/history/index.d.ts'
[21:33:54.730] Adding entry into typings cache: 'html' => '/home/zxh/.cache/typescript/4.4/node_modules/@types/html/index.d.ts'
[21:33:54.731] Adding entry into typings cache: 'html-webpack-plugin' => '/home/zxh/.cache/typescript/4.4/node_modules/@types/html-webpack-plugin/index.d.ts'
[21:33:54.733] Adding entry into typings cache: 'is-function' => '/home/zxh/.cache/typescript/4.4/node_modules/@types/is-function/index.d.ts'
[21:33:54.735] Adding entry into typings cache: 'less' => '/home/zxh/.cache/typescript/4.4/node_modules/@types/less/index.d.ts'
[21:33:54.737] Adding entry into typings cache: 'lodash.assign' => '/home/zxh/.cache/typescript/4.4/node_modules/@types/lodash.assign/index.d.ts'
[21:33:54.738] Adding entry into typings cache: 'lodash.defaults' => '/home/zxh/.cache/typescript/4.4/node_modules/@types/lodash.defaults/index.d.ts'
[21:33:54.741] Adding entry into typings cache: 'lodash.isarguments' => '/home/zxh/.cache/typescript/4.4/node_modules/@types/lodash.isarguments/index.d.ts'
[21:33:54.742] Adding entry into typings cache: 'lodash.isarray' => '/home/zxh/.cache/typescript/4.4/node_modules/@types/lodash.isarray/index.d.ts'
[21:33:54.743] Adding entry into typings cache: 'lodash.keys' => '/home/zxh/.cache/typescript/4.4/node_modules/@types/lodash.keys/index.d.ts'
[21:33:54.747] Adding entry into typings cache: 'mime-types' => '/home/zxh/.cache/typescript/4.4/node_modules/@types/mime-types/index.d.ts'
[21:33:54.751] Adding entry into typings cache: 'node' => '/home/zxh/.cache/typescript/4.4/node_modules/@types/node/index.d.ts'
[21:33:54.752] Adding entry into typings cache: 'postcss-preset-env' => '/home/zxh/.cache/typescript/4.4/node_modules/@types/postcss-preset-env/index.d.ts'
[21:33:54.753] Adding entry into typings cache: 'prettier' => '/home/zxh/.cache/typescript/4.4/node_modules/@types/prettier/index.d.ts'
[21:33:54.756] Adding entry into typings cache: 'react' => '/home/zxh/.cache/typescript/4.4/node_modules/@types/react/index.d.ts'
[21:33:54.757] Adding entry into typings cache: 'react-dom' => '/home/zxh/.cache/typescript/4.4/node_modules/@types/react-dom/index.d.ts'
[21:33:54.758] Adding entry into typings cache: 'react-lazyload' => '/home/zxh/.cache/typescript/4.4/node_modules/@types/react-lazyload/index.d.ts'
[21:33:54.760] Adding entry into typings cache: 'react-redux' => '/home/zxh/.cache/typescript/4.4/node_modules/@types/react-redux/index.d.ts'
[21:33:54.763] Adding entry into typings cache: 'react-router' => '/home/zxh/.cache/typescript/4.4/node_modules/@types/react-router/index.d.ts'
[21:33:54.764] Adding entry into typings cache: 'react-router-config' => '/home/zxh/.cache/typescript/4.4/node_modules/@types/react-router-config/index.d.ts'
[21:33:54.766] Adding entry into typings cache: 'react-router-dom' => '/home/zxh/.cache/typescript/4.4/node_modules/@types/react-router-dom/index.d.ts'
[21:33:54.767] Adding entry into typings cache: 'react-transition-group' => '/home/zxh/.cache/typescript/4.4/node_modules/@types/react-transition-group/index.d.ts'
[21:33:54.769] Adding entry into typings cache: 'read' => '/home/zxh/.cache/typescript/4.4/node_modules/@types/read/index.d.ts'
[21:33:54.770] Adding entry into typings cache: 'redux-immutable' => '/home/zxh/.cache/typescript/4.4/node_modules/@types/redux-immutable/index.d.ts'
[21:33:54.773] Adding entry into typings cache: 'regenerator-runtime' => '/home/zxh/.cache/typescript/4.4/node_modules/@types/regenerator-runtime/index.d.ts'
[21:33:54.775] Adding entry into typings cache: 'request' => '/home/zxh/.cache/typescript/4.4/node_modules/@types/request/index.d.ts'
[21:33:54.777] Adding entry into typings cache: 'semver' => '/home/zxh/.cache/typescript/4.4/node_modules/@types/semver/index.d.ts'
[21:33:54.779] Adding entry into typings cache: 'styled-components' => '/home/zxh/.cache/typescript/4.4/node_modules/@types/styled-components/index.d.ts'
[21:33:54.781] Adding entry into typings cache: 'swiper' => '/home/zxh/.cache/typescript/4.4/node_modules/@types/swiper/index.d.ts'
[21:33:54.783] Adding entry into typings cache: 'tapable' => '/home/zxh/.cache/typescript/4.4/node_modules/tapable/tapable.d.ts'
[21:33:54.784] Adding entry into typings cache: 'title' => '/home/zxh/.cache/typescript/4.4/node_modules/@types/title/index.d.ts'
[21:33:54.796] Adding entry into typings cache: 'webpack' => '/home/zxh/.cache/typescript/4.4/node_modules/webpack/types.d.ts'
[21:33:54.799] Adding entry into typings cache: 'webpack-dev-middleware' => '/home/zxh/.cache/typescript/4.4/node_modules/@types/webpack-dev-middleware/index.d.ts'
[21:33:54.802] Adding entry into typings cache: 'webpack-dev-server' => '/home/zxh/.cache/typescript/4.4/node_modules/@types/webpack-dev-server/index.d.ts'
[21:33:54.802] Finished processing cache location '/home/zxh/.cache/typescript/4.4'
[21:33:54.802] Process id: 509761
[21:33:54.802] NPM location: /usr/bin/npm (explicit '--npmLocation' not  provided)
[21:33:54.802] validateDefaultNpmLocation: false
[21:33:54.803] Npm config file: /home/zxh/.cache/typescript/4.4/package.json
[21:33:54.803] Updating types-registry npm package...
[21:33:54.803] Exec: /usr/bin/npm install --ignore-scripts types-registry@latest
[21:33:55.931]     Succeeded. stdout:
    
    up to date in 943ms

6 packages are looking for funding
  run `npm fund` for details

[21:33:55.931] Updated types-registry npm package
[21:33:56.139] Got install request {"projectName":"/dev/null/inferredProject1*","fileNames":["/usr/lib/node_modules/typescript/lib/lib.es5.d.ts","/usr/lib/node_modules/typescript/lib/lib.es2015.d.ts","/usr/lib/node_modules/typescript/lib/lib.es2016.d.ts","/usr/lib/node_modules/typescript/lib/lib.dom.d.ts","/usr/lib/node_modules/typescript/lib/lib.dom.iterable.d.ts","/usr/lib/node_modules/typescript/lib/lib.webworker.importscripts.d.ts","/usr/lib/node_modules/typescript/lib/lib.scripthost.d.ts","/usr/lib/node_modules/typescript/lib/lib.es2015.core.d.ts","/usr/lib/node_modules/typescript/lib/lib.es2015.collection.d.ts","/usr/lib/node_modules/typescript/lib/lib.es2015.generator.d.ts","/usr/lib/node_modules/typescript/lib/lib.es2015.iterable.d.ts","/usr/lib/node_modules/typescript/lib/lib.es2015.promise.d.ts","/usr/lib/node_modules/typescript/lib/lib.es2015.proxy.d.ts","/usr/lib/node_modules/typescript/lib/lib.es2015.reflect.d.ts","/usr/lib/node_modules/typescript/lib/lib.es2015.symbol.d.ts","/usr/lib/node_modules/typescript/lib/lib.es2015.symbol.wellknown.d.ts","/usr/lib/node_modules/typescript/lib/lib.es2016.array.include.d.ts","/usr/lib/node_modules/typescript/lib/lib.es2016.full.d.ts","/home/zxh/Dropbox/Documents/研究生/算法/data-structures/Tree/tree.js"],"compilerOptions":{"module":1,"target":3,"jsx":1,"allowJs":true,"allowSyntheticDefaultImports":true,"allowNonTsExtensions":true,"noEmitForJsFiles":true,"maxNodeModuleJsDepth":2},"typeAcquisition":{"enable":true,"include":[],"exclude":[]},"unresolvedImports":[],"projectRootPath":"/home/zxh/Dropbox/Documents/研究生/算法/data-structures/Tree","kind":"discover"}
[21:33:56.153] Loaded safelist from types map file '/usr/lib/node_modules/typescript/lib/typesMap.json'
[21:33:56.153] Explicitly included types: []
[21:33:56.154] Inferred typings from unresolved imports: []
[21:33:56.154] Result: {"cachedTypingPaths":[],"newTypingNames":[],"filesToWatch":["/home/zxh/Dropbox/Documents/研究生/算法/data-structures/Tree/bower_components","/home/zxh/Dropbox/Documents/研究生/算法/data-structures/Tree/node_modules"]}
[21:33:56.154] Finished typings discovery: {"cachedTypingPaths":[],"newTypingNames":[],"filesToWatch":["/home/zxh/Dropbox/Documents/研究生/算法/data-structures/Tree/bower_components","/home/zxh/Dropbox/Documents/研究生/算法/data-structures/Tree/node_modules"]}
[21:33:56.155] DirectoryWatcher:: Added:: WatchInfo: /home/zxh/Dropbox/Documents/研究生/算法/data-structures/Tree/bower_components
[21:33:56.155] DirectoryWatcher:: Added:: WatchInfo: /home/zxh/Dropbox/Documents/研究生/算法/data-structures/Tree/bower_components 1 undefined Project: /dev/null/inferredProject1* watcher already invoked: false
[21:33:56.157] Elapsed:: 1.5760039985179901ms DirectoryWatcher:: Added:: WatchInfo: /home/zxh/Dropbox/Documents/研究生/算法/data-structures/Tree/bower_components 1 undefined Project: /dev/null/inferredProject1* watcher already invoked: false
[21:33:56.157] DirectoryWatcher:: Added:: WatchInfo: /home/zxh/Dropbox/Documents/研究生/算法/data-structures/Tree/node_modules
[21:33:56.157] DirectoryWatcher:: Added:: WatchInfo: /home/zxh/Dropbox/Documents/研究生/算法/data-structures/Tree/node_modules 1 undefined Project: /dev/null/inferredProject1* watcher already invoked: false
[21:33:56.157] Elapsed:: 0.15122400224208832ms DirectoryWatcher:: Added:: WatchInfo: /home/zxh/Dropbox/Documents/研究生/算法/data-structures/Tree/node_modules 1 undefined Project: /dev/null/inferredProject1* watcher already invoked: false
[21:33:56.158] Sending response:
    {"projectName":"/dev/null/inferredProject1*","typeAcquisition":{"enable":true,"include":[],"exclude":[]},"compilerOptions":{"module":1,"target":3,"jsx":1,"allowJs":true,"allowSyntheticDefaultImports":true,"allowNonTsExtensions":true,"noEmitForJsFiles":true,"maxNodeModuleJsDepth":2},"typings":[],"unresolvedImports":[],"kind":"action::set"}
[21:33:56.158] Response has been sent.
[21:33:56.158] No new typings were requested as a result of typings discovery
