[15:48:53.155] Global cache location '/home/zxh/.cache/typescript/4.4', safe file path '/usr/lib/node_modules/typescript/lib/typingSafeList.json', types map path /usr/lib/node_modules/typescript/lib/typesMap.json
[15:48:53.156] Processing cache location '/home/zxh/.cache/typescript/4.4'
[15:48:53.156] Trying to find '/home/zxh/.cache/typescript/4.4/package.json'...
[15:48:53.159] Loaded content of '/home/zxh/.cache/typescript/4.4/package.json': {"private":true,"dependencies":{"types-registry":"^0.1.567"},"devDependencies":{"@types/babel__core":"^7.1.16","@types/babel__preset-env":"^7.9.2","@types/better-scroll":"^1.12.4","@types/clear":"^0.1.2","@types/co":"^4.6.3","@types/copy":"^0.3.2","@types/copy-webpack-plugin":"^8.0.1","@types/core-js":"^2.5.5","@types/eslint-scope":"^3.7.1","@types/express":"^4.17.13","@types/file-loader":"^5.0.1","@types/history":"^4.7.9","@types/html":"^1.0.1","@types/html-webpack-plugin":"^3.2.6","@types/is-function":"^1.0.1","@types/less":"^3.0.3","@types/lodash.assign":"^4.2.6","@types/lodash.defaults":"^4.2.6","@types/lodash.isarguments":"^3.1.6","@types/lodash.isarray":"^4.0.6","@types/lodash.keys":"^4.2.6","@types/mime-types":"^2.1.1","@types/node":"^16.11.6","@types/postcss-preset-env":"^6.7.3","@types/react":"^17.0.34","@types/react-dom":"^17.0.11","@types/react-lazyload":"^3.1.1","@types/react-redux":"^7.1.20","@types/react-router":"^5.1.17","@types/react-router-config":"^5.0.3","@types/react-router-dom":"^5.3.2","@types/react-transition-group":"^4.4.4","@types/read":"^0.0.29","@types/redux-immutable":"^4.0.1","@types/regenerator-runtime":"^0.13.1","@types/request":"^2.48.7","@types/semver":"^7.3.9","@types/styled-components":"^5.1.15","@types/swiper":"^5.4.3","@types/tapable":"^2.2.2","@types/title":"^3.4.1","@types/webpack":"^5.28.0","@types/webpack-dev-middleware":"^5.0.2","@types/webpack-dev-server":"^4.3.1"}}
[15:48:53.159] Loaded content of '/home/zxh/.cache/typescript/4.4/package-lock.json'
[15:48:53.171] Adding entry into typings cache: 'babel__core' => '/home/zxh/.cache/typescript/4.4/node_modules/@types/babel__core/index.d.ts'
[15:48:53.173] Adding entry into typings cache: 'babel__preset-env' => '/home/zxh/.cache/typescript/4.4/node_modules/@types/babel__preset-env/index.d.ts'
[15:48:53.176] Adding entry into typings cache: 'better-scroll' => '/home/zxh/.cache/typescript/4.4/node_modules/@types/better-scroll/index.d.ts'
[15:48:53.177] Adding entry into typings cache: 'clear' => '/home/zxh/.cache/typescript/4.4/node_modules/@types/clear/index.d.ts'
[15:48:53.179] Adding entry into typings cache: 'co' => '/home/zxh/.cache/typescript/4.4/node_modules/@types/co/index.d.ts'
[15:48:53.180] Adding entry into typings cache: 'copy' => '/home/zxh/.cache/typescript/4.4/node_modules/@types/copy/index.d.ts'
[15:48:53.183] Adding entry into typings cache: 'copy-webpack-plugin' => '/home/zxh/.cache/typescript/4.4/node_modules/@types/copy-webpack-plugin/index.d.ts'
[15:48:53.184] Adding entry into typings cache: 'core-js' => '/home/zxh/.cache/typescript/4.4/node_modules/@types/core-js/index.d.ts'
[15:48:53.188] Adding entry into typings cache: 'eslint-scope' => '/home/zxh/.cache/typescript/4.4/node_modules/@types/eslint-scope/index.d.ts'
[15:48:53.190] Adding entry into typings cache: 'express' => '/home/zxh/.cache/typescript/4.4/node_modules/@types/express/index.d.ts'
[15:48:53.191] Adding entry into typings cache: 'file-loader' => '/home/zxh/.cache/typescript/4.4/node_modules/@types/file-loader/index.d.ts'
[15:48:53.193] Adding entry into typings cache: 'history' => '/home/zxh/.cache/typescript/4.4/node_modules/@types/history/index.d.ts'
[15:48:53.195] Adding entry into typings cache: 'html' => '/home/zxh/.cache/typescript/4.4/node_modules/@types/html/index.d.ts'
[15:48:53.196] Adding entry into typings cache: 'html-webpack-plugin' => '/home/zxh/.cache/typescript/4.4/node_modules/@types/html-webpack-plugin/index.d.ts'
[15:48:53.198] Adding entry into typings cache: 'is-function' => '/home/zxh/.cache/typescript/4.4/node_modules/@types/is-function/index.d.ts'
[15:48:53.200] Adding entry into typings cache: 'less' => '/home/zxh/.cache/typescript/4.4/node_modules/@types/less/index.d.ts'
[15:48:53.201] Adding entry into typings cache: 'lodash.assign' => '/home/zxh/.cache/typescript/4.4/node_modules/@types/lodash.assign/index.d.ts'
[15:48:53.202] Adding entry into typings cache: 'lodash.defaults' => '/home/zxh/.cache/typescript/4.4/node_modules/@types/lodash.defaults/index.d.ts'
[15:48:53.204] Adding entry into typings cache: 'lodash.isarguments' => '/home/zxh/.cache/typescript/4.4/node_modules/@types/lodash.isarguments/index.d.ts'
[15:48:53.205] Adding entry into typings cache: 'lodash.isarray' => '/home/zxh/.cache/typescript/4.4/node_modules/@types/lodash.isarray/index.d.ts'
[15:48:53.207] Adding entry into typings cache: 'lodash.keys' => '/home/zxh/.cache/typescript/4.4/node_modules/@types/lodash.keys/index.d.ts'
[15:48:53.209] Adding entry into typings cache: 'mime-types' => '/home/zxh/.cache/typescript/4.4/node_modules/@types/mime-types/index.d.ts'
[15:48:53.213] Adding entry into typings cache: 'node' => '/home/zxh/.cache/typescript/4.4/node_modules/@types/node/index.d.ts'
[15:48:53.214] Adding entry into typings cache: 'postcss-preset-env' => '/home/zxh/.cache/typescript/4.4/node_modules/@types/postcss-preset-env/index.d.ts'
[15:48:53.216] Adding entry into typings cache: 'react' => '/home/zxh/.cache/typescript/4.4/node_modules/@types/react/index.d.ts'
[15:48:53.217] Adding entry into typings cache: 'react-dom' => '/home/zxh/.cache/typescript/4.4/node_modules/@types/react-dom/index.d.ts'
[15:48:53.218] Adding entry into typings cache: 'react-lazyload' => '/home/zxh/.cache/typescript/4.4/node_modules/@types/react-lazyload/index.d.ts'
[15:48:53.220] Adding entry into typings cache: 'react-redux' => '/home/zxh/.cache/typescript/4.4/node_modules/@types/react-redux/index.d.ts'
[15:48:53.222] Adding entry into typings cache: 'react-router' => '/home/zxh/.cache/typescript/4.4/node_modules/@types/react-router/index.d.ts'
[15:48:53.223] Adding entry into typings cache: 'react-router-config' => '/home/zxh/.cache/typescript/4.4/node_modules/@types/react-router-config/index.d.ts'
[15:48:53.224] Adding entry into typings cache: 'react-router-dom' => '/home/zxh/.cache/typescript/4.4/node_modules/@types/react-router-dom/index.d.ts'
[15:48:53.225] Adding entry into typings cache: 'react-transition-group' => '/home/zxh/.cache/typescript/4.4/node_modules/@types/react-transition-group/index.d.ts'
[15:48:53.227] Adding entry into typings cache: 'read' => '/home/zxh/.cache/typescript/4.4/node_modules/@types/read/index.d.ts'
[15:48:53.228] Adding entry into typings cache: 'redux-immutable' => '/home/zxh/.cache/typescript/4.4/node_modules/@types/redux-immutable/index.d.ts'
[15:48:53.231] Adding entry into typings cache: 'regenerator-runtime' => '/home/zxh/.cache/typescript/4.4/node_modules/@types/regenerator-runtime/index.d.ts'
[15:48:53.233] Adding entry into typings cache: 'request' => '/home/zxh/.cache/typescript/4.4/node_modules/@types/request/index.d.ts'
[15:48:53.234] Adding entry into typings cache: 'semver' => '/home/zxh/.cache/typescript/4.4/node_modules/@types/semver/index.d.ts'
[15:48:53.238] Adding entry into typings cache: 'styled-components' => '/home/zxh/.cache/typescript/4.4/node_modules/@types/styled-components/index.d.ts'
[15:48:53.240] Adding entry into typings cache: 'swiper' => '/home/zxh/.cache/typescript/4.4/node_modules/@types/swiper/index.d.ts'
[15:48:53.242] Adding entry into typings cache: 'tapable' => '/home/zxh/.cache/typescript/4.4/node_modules/tapable/tapable.d.ts'
[15:48:53.243] Adding entry into typings cache: 'title' => '/home/zxh/.cache/typescript/4.4/node_modules/@types/title/index.d.ts'
[15:48:53.253] Adding entry into typings cache: 'webpack' => '/home/zxh/.cache/typescript/4.4/node_modules/webpack/types.d.ts'
[15:48:53.257] Adding entry into typings cache: 'webpack-dev-middleware' => '/home/zxh/.cache/typescript/4.4/node_modules/@types/webpack-dev-middleware/index.d.ts'
[15:48:53.261] Adding entry into typings cache: 'webpack-dev-server' => '/home/zxh/.cache/typescript/4.4/node_modules/@types/webpack-dev-server/index.d.ts'
[15:48:53.261] Finished processing cache location '/home/zxh/.cache/typescript/4.4'
[15:48:53.262] Process id: 71458
[15:48:53.262] NPM location: /usr/bin/npm (explicit '--npmLocation' not  provided)
[15:48:53.262] validateDefaultNpmLocation: false
[15:48:53.262] Npm config file: /home/zxh/.cache/typescript/4.4/package.json
[15:48:53.262] Updating types-registry npm package...
[15:48:53.262] Exec: /usr/bin/npm install --ignore-scripts types-registry@latest
[15:48:54.706]     Succeeded. stdout:
    
    up to date in 1s

6 packages are looking for funding
  run `npm fund` for details

[15:48:54.706] Updated types-registry npm package
[15:48:56.871] Got install request {"projectName":"/dev/null/inferredProject1*","fileNames":["/usr/lib/node_modules/typescript/lib/lib.es5.d.ts","/usr/lib/node_modules/typescript/lib/lib.es2015.d.ts","/usr/lib/node_modules/typescript/lib/lib.es2016.d.ts","/usr/lib/node_modules/typescript/lib/lib.dom.d.ts","/usr/lib/node_modules/typescript/lib/lib.dom.iterable.d.ts","/usr/lib/node_modules/typescript/lib/lib.webworker.importscripts.d.ts","/usr/lib/node_modules/typescript/lib/lib.scripthost.d.ts","/usr/lib/node_modules/typescript/lib/lib.es2015.core.d.ts","/usr/lib/node_modules/typescript/lib/lib.es2015.collection.d.ts","/usr/lib/node_modules/typescript/lib/lib.es2015.generator.d.ts","/usr/lib/node_modules/typescript/lib/lib.es2015.iterable.d.ts","/usr/lib/node_modules/typescript/lib/lib.es2015.promise.d.ts","/usr/lib/node_modules/typescript/lib/lib.es2015.proxy.d.ts","/usr/lib/node_modules/typescript/lib/lib.es2015.reflect.d.ts","/usr/lib/node_modules/typescript/lib/lib.es2015.symbol.d.ts","/usr/lib/node_modules/typescript/lib/lib.es2015.symbol.wellknown.d.ts","/usr/lib/node_modules/typescript/lib/lib.es2016.array.include.d.ts","/usr/lib/node_modules/typescript/lib/lib.es2016.full.d.ts","/home/zxh/Dropbox/Documents/研究生/算法/test.js"],"compilerOptions":{"module":1,"target":3,"jsx":1,"allowJs":true,"allowSyntheticDefaultImports":true,"allowNonTsExtensions":true,"noEmitForJsFiles":true,"maxNodeModuleJsDepth":2},"typeAcquisition":{"enable":true,"include":[],"exclude":[]},"unresolvedImports":[],"projectRootPath":"/home/zxh/Dropbox/Documents/研究生/算法","kind":"discover"}
[15:48:56.889] Loaded safelist from types map file '/usr/lib/node_modules/typescript/lib/typesMap.json'
[15:48:56.889] Explicitly included types: []
[15:48:56.890] Inferred typings from unresolved imports: []
[15:48:56.890] Result: {"cachedTypingPaths":[],"newTypingNames":[],"filesToWatch":["/home/zxh/Dropbox/Documents/研究生/算法/bower_components","/home/zxh/Dropbox/Documents/研究生/算法/node_modules"]}
[15:48:56.890] Finished typings discovery: {"cachedTypingPaths":[],"newTypingNames":[],"filesToWatch":["/home/zxh/Dropbox/Documents/研究生/算法/bower_components","/home/zxh/Dropbox/Documents/研究生/算法/node_modules"]}
[15:48:56.890] DirectoryWatcher:: Added:: WatchInfo: /home/zxh/Dropbox/Documents/研究生/算法/bower_components
[15:48:56.891] DirectoryWatcher:: Added:: WatchInfo: /home/zxh/Dropbox/Documents/研究生/算法/bower_components 1 undefined Project: /dev/null/inferredProject1* watcher already invoked: false
[15:48:56.892] Elapsed:: 1.3814010000787675ms DirectoryWatcher:: Added:: WatchInfo: /home/zxh/Dropbox/Documents/研究生/算法/bower_components 1 undefined Project: /dev/null/inferredProject1* watcher already invoked: false
[15:48:56.893] DirectoryWatcher:: Added:: WatchInfo: /home/zxh/Dropbox/Documents/研究生/算法/node_modules
[15:48:56.893] DirectoryWatcher:: Added:: WatchInfo: /home/zxh/Dropbox/Documents/研究生/算法/node_modules 1 undefined Project: /dev/null/inferredProject1* watcher already invoked: false
[15:48:56.893] Elapsed:: 0.18136700009927154ms DirectoryWatcher:: Added:: WatchInfo: /home/zxh/Dropbox/Documents/研究生/算法/node_modules 1 undefined Project: /dev/null/inferredProject1* watcher already invoked: false
[15:48:56.893] Sending response:
    {"projectName":"/dev/null/inferredProject1*","typeAcquisition":{"enable":true,"include":[],"exclude":[]},"compilerOptions":{"module":1,"target":3,"jsx":1,"allowJs":true,"allowSyntheticDefaultImports":true,"allowNonTsExtensions":true,"noEmitForJsFiles":true,"maxNodeModuleJsDepth":2},"typings":[],"unresolvedImports":[],"kind":"action::set"}
[15:48:56.894] Response has been sent.
[15:48:56.894] No new typings were requested as a result of typings discovery
